<?xml version="1.0" encoding="UTF-8"?>
<testsuite xmlns:xsi="http://www.w3.org/2001/XMLSchema-instance" xsi:noNamespaceSchemaLocation="https://maven.apache.org/surefire/maven-surefire-plugin/xsd/surefire-test-report-3.0.xsd" version="3.0" name="com.happyfeet.integration.DatabaseSmokeTest" time="0.911" tests="2" errors="1" skipped="0" failures="0">
  <properties>
[...]
</properties>
  <testcase name="testDatabaseConnection" classname="com.happyfeet.integration.DatabaseSmokeTest" time="0.674">
    <system-out><![CDATA[Configuración cargada desde classpath: database.properties
]]></system-out>
  </testcase>
  <testcase name="insertAndReadInventario" classname="com.happyfeet.integration.DatabaseSmokeTest" time="0.228">
    <error message="Error consultando inventario por id" type="com.happyfeet.repository.DataAccessException"><![CDATA[com.happyfeet.repository.DataAccessException: Error consultando inventario por id
	at com.happyfeet.repository.impl.InventarioRepositoryImpl.findById(InventarioRepositoryImpl.java:66)
	at com.happyfeet.integration.DatabaseSmokeTest.insertAndReadInventario(DatabaseSmokeTest.java:27)
	at java.base/java.lang.reflect.Method.invoke(Method.java:580)
	at java.base/java.util.ArrayList.forEach(ArrayList.java:1596)
	at java.base/java.util.ArrayList.forEach(ArrayList.java:1596)
Caused by: java.sql.SQLNonTransientConnectionException: No operations allowed after connection closed.
	at com.mysql.cj.jdbc.exceptions.SQLError.createSQLException(SQLError.java:111)
	at com.mysql.cj.jdbc.exceptions.SQLError.createSQLException(SQLError.java:98)
	at com.mysql.cj.jdbc.exceptions.SQLError.createSQLException(SQLError.java:90)
	at com.mysql.cj.jdbc.exceptions.SQLError.createSQLException(SQLError.java:64)
	at com.mysql.cj.jdbc.exceptions.SQLError.createSQLException(SQLError.java:74)
	at com.mysql.cj.jdbc.exceptions.SQLExceptionsMapping.translateException(SQLExceptionsMapping.java:73)
	at com.mysql.cj.jdbc.ConnectionImpl.prepareStatement(ConnectionImpl.java:1621)
	at com.mysql.cj.jdbc.ConnectionImpl.prepareStatement(ConnectionImpl.java:1535)
	at com.happyfeet.repository.impl.InventarioRepositoryImpl.findById(InventarioRepositoryImpl.java:58)
	... 4 more
Caused by: com.mysql.cj.exceptions.ConnectionIsClosedException: No operations allowed after connection closed.
	at java.base/jdk.internal.reflect.DirectConstructorHandleAccessor.newInstance(DirectConstructorHandleAccessor.java:62)
	at java.base/java.lang.reflect.Constructor.newInstanceWithCaller(Constructor.java:502)
	at java.base/java.lang.reflect.Constructor.newInstance(Constructor.java:486)
	at com.mysql.cj.exceptions.ExceptionFactory.createException(ExceptionFactory.java:62)
	at com.mysql.cj.exceptions.ExceptionFactory.createException(ExceptionFactory.java:105)
	at com.mysql.cj.exceptions.ExceptionFactory.createException(ExceptionFactory.java:150)
	at com.mysql.cj.NativeSession.checkClosed(NativeSession.java:753)
	at com.mysql.cj.jdbc.ConnectionImpl.checkClosed(ConnectionImpl.java:565)
	at com.mysql.cj.jdbc.ConnectionImpl.prepareStatement(ConnectionImpl.java:1550)
	... 6 more
]]></error>
  </testcase>
</testsuite>